<?xml version="1.0" encoding="UTF-8"?>
<!-- Generated by org.testng.reporters.JUnitXMLReporter -->
<testsuite hostname="SCSHYD-198" ignored="2" name="Test" tests="6" failures="3" timestamp="2020-09-01T12:52:59 IST" time="2.061" errors="0">
  <testcase name="@BeforeClass beforeClass" time="0.887" classname="utils.Browser">
    <failure type="org.openqa.selenium.WebDriverException" message="unknown error: cannot find Chrome binary
Build info: version: &amp;apos;3.141.59&amp;apos;, revision: &amp;apos;e82be7d358&amp;apos;, time: &amp;apos;2018-11-14T08:17:03&amp;apos;
System info: host: &amp;apos;SCSHYD-198&amp;apos;, ip: &amp;apos;192.168.1.70&amp;apos;, os.name: &amp;apos;Windows 10&amp;apos;, os.arch: &amp;apos;amd64&amp;apos;, os.version: &amp;apos;10.0&amp;apos;, java.version: &amp;apos;1.8.0_92&amp;apos;
Driver info: driver.version: ChromeDriver
remote stacktrace: Backtrace:
	Ordinal0 [0x00BFA923+1550627]
	Ordinal0 [0x00B7A731+1025841]
	Ordinal0 [0x00AFC715+509717]
	Ordinal0 [0x00A8C082+49282]
	Ordinal0 [0x00AAACE7+175335]
	Ordinal0 [0x00AAA8ED+174317]
	Ordinal0 [0x00AA8CDB+167131]
	Ordinal0 [0x00A9144A+70730]
	Ordinal0 [0x00A924D0+74960]
	Ordinal0 [0x00A92469+74857]
	Ordinal0 [0x00B942F7+1131255]
	GetHandleVerifier [0x00C9711D+523789]
	GetHandleVerifier [0x00C96EB0+523168]
	GetHandleVerifier [0x00C9E207+552695]
	GetHandleVerifier [0x00C9791A+525834]
	Ordinal0 [0x00B8B82C+1095724]
	Ordinal0 [0x00B9636B+1139563]
	Ordinal0 [0x00B964D3+1139923]
	Ordinal0 [0x00B95455+1135701]
	BaseThreadInitThunk [0x76CEF989+25]
	RtlGetAppContainerNamedObjectPath [0x771C74A4+228]
	RtlGetAppContainerNamedObjectPath [0x771C7474+180]
">
      <![CDATA[org.openqa.selenium.WebDriverException: unknown error: cannot find Chrome binary
Build info: version: '3.141.59', revision: 'e82be7d358', time: '2018-11-14T08:17:03'
System info: host: 'SCSHYD-198', ip: '192.168.1.70', os.name: 'Windows 10', os.arch: 'amd64', os.version: '10.0', java.version: '1.8.0_92'
Driver info: driver.version: ChromeDriver
remote stacktrace: Backtrace:
Ordinal0 [0x00BFA923+1550627]
Ordinal0 [0x00B7A731+1025841]
Ordinal0 [0x00AFC715+509717]
Ordinal0 [0x00A8C082+49282]
Ordinal0 [0x00AAACE7+175335]
Ordinal0 [0x00AAA8ED+174317]
Ordinal0 [0x00AA8CDB+167131]
Ordinal0 [0x00A9144A+70730]
Ordinal0 [0x00A924D0+74960]
Ordinal0 [0x00A92469+74857]
Ordinal0 [0x00B942F7+1131255]
GetHandleVerifier [0x00C9711D+523789]
GetHandleVerifier [0x00C96EB0+523168]
GetHandleVerifier [0x00C9E207+552695]
GetHandleVerifier [0x00C9791A+525834]
Ordinal0 [0x00B8B82C+1095724]
Ordinal0 [0x00B9636B+1139563]
Ordinal0 [0x00B964D3+1139923]
Ordinal0 [0x00B95455+1135701]
BaseThreadInitThunk [0x76CEF989+25]
RtlGetAppContainerNamedObjectPath [0x771C74A4+228]
RtlGetAppContainerNamedObjectPath [0x771C7474+180]

at org.openqa.selenium.remote.W3CHandshakeResponse.lambda$errorHandler$0(W3CHandshakeResponse.java:62)
at org.openqa.selenium.remote.HandshakeResponse.lambda$getResponseFunction$0(HandshakeResponse.java:30)
at org.openqa.selenium.remote.ProtocolHandshake.lambda$createSession$0(ProtocolHandshake.java:126)
at java.util.stream.ReferencePipeline$3$1.accept(ReferencePipeline.java:193)
at java.util.Spliterators$ArraySpliterator.tryAdvance(Spliterators.java:958)
at java.util.stream.ReferencePipeline.forEachWithCancel(ReferencePipeline.java:126)
at java.util.stream.AbstractPipeline.copyIntoWithCancel(AbstractPipeline.java:498)
at java.util.stream.AbstractPipeline.copyInto(AbstractPipeline.java:485)
at java.util.stream.AbstractPipeline.wrapAndCopyInto(AbstractPipeline.java:471)
at java.util.stream.FindOps$FindOp.evaluateSequential(FindOps.java:152)
at java.util.stream.AbstractPipeline.evaluate(AbstractPipeline.java:234)
at java.util.stream.ReferencePipeline.findFirst(ReferencePipeline.java:464)
at org.openqa.selenium.remote.ProtocolHandshake.createSession(ProtocolHandshake.java:128)
at org.openqa.selenium.remote.ProtocolHandshake.createSession(ProtocolHandshake.java:74)
at org.openqa.selenium.remote.HttpCommandExecutor.execute(HttpCommandExecutor.java:136)
at org.openqa.selenium.remote.service.DriverCommandExecutor.execute(DriverCommandExecutor.java:83)
at org.openqa.selenium.remote.RemoteWebDriver.execute(RemoteWebDriver.java:552)
at org.openqa.selenium.remote.RemoteWebDriver.startSession(RemoteWebDriver.java:213)
at org.openqa.selenium.remote.RemoteWebDriver.<init>(RemoteWebDriver.java:131)
at org.openqa.selenium.chrome.ChromeDriver.<init>(ChromeDriver.java:181)
at org.openqa.selenium.chrome.ChromeDriver.<init>(ChromeDriver.java:168)
at org.openqa.selenium.chrome.ChromeDriver.<init>(ChromeDriver.java:123)
at utils.Browser.beforeClass(Browser.java:71)
at java.util.ArrayList.forEach(ArrayList.java:1249)
... Removed 29 stack frames]]>
    </failure>
  </testcase> <!-- @BeforeClass beforeClass -->
  <testcase name="@AfterClass afterClass" time="-1.59894497832E9" classname="utils.Browser">
    <skipped/>
  </testcase> <!-- @AfterClass afterClass -->
  <testcase name="@BeforeClass beforeClass" time="0.556" classname="utils.Browser">
    <failure type="org.openqa.selenium.WebDriverException" message="unknown error: cannot find Chrome binary
Build info: version: &amp;apos;3.141.59&amp;apos;, revision: &amp;apos;e82be7d358&amp;apos;, time: &amp;apos;2018-11-14T08:17:03&amp;apos;
System info: host: &amp;apos;SCSHYD-198&amp;apos;, ip: &amp;apos;192.168.1.70&amp;apos;, os.name: &amp;apos;Windows 10&amp;apos;, os.arch: &amp;apos;amd64&amp;apos;, os.version: &amp;apos;10.0&amp;apos;, java.version: &amp;apos;1.8.0_92&amp;apos;
Driver info: driver.version: ChromeDriver
remote stacktrace: Backtrace:
	Ordinal0 [0x00BFA923+1550627]
	Ordinal0 [0x00B7A731+1025841]
	Ordinal0 [0x00AFC715+509717]
	Ordinal0 [0x00A8C082+49282]
	Ordinal0 [0x00AAACE7+175335]
	Ordinal0 [0x00AAA8ED+174317]
	Ordinal0 [0x00AA8CDB+167131]
	Ordinal0 [0x00A9144A+70730]
	Ordinal0 [0x00A924D0+74960]
	Ordinal0 [0x00A92469+74857]
	Ordinal0 [0x00B942F7+1131255]
	GetHandleVerifier [0x00C9711D+523789]
	GetHandleVerifier [0x00C96EB0+523168]
	GetHandleVerifier [0x00C9E207+552695]
	GetHandleVerifier [0x00C9791A+525834]
	Ordinal0 [0x00B8B82C+1095724]
	Ordinal0 [0x00B9636B+1139563]
	Ordinal0 [0x00B964D3+1139923]
	Ordinal0 [0x00B95455+1135701]
	BaseThreadInitThunk [0x76CEF989+25]
	RtlGetAppContainerNamedObjectPath [0x771C74A4+228]
	RtlGetAppContainerNamedObjectPath [0x771C7474+180]
">
      <![CDATA[org.openqa.selenium.WebDriverException: unknown error: cannot find Chrome binary
Build info: version: '3.141.59', revision: 'e82be7d358', time: '2018-11-14T08:17:03'
System info: host: 'SCSHYD-198', ip: '192.168.1.70', os.name: 'Windows 10', os.arch: 'amd64', os.version: '10.0', java.version: '1.8.0_92'
Driver info: driver.version: ChromeDriver
remote stacktrace: Backtrace:
Ordinal0 [0x00BFA923+1550627]
Ordinal0 [0x00B7A731+1025841]
Ordinal0 [0x00AFC715+509717]
Ordinal0 [0x00A8C082+49282]
Ordinal0 [0x00AAACE7+175335]
Ordinal0 [0x00AAA8ED+174317]
Ordinal0 [0x00AA8CDB+167131]
Ordinal0 [0x00A9144A+70730]
Ordinal0 [0x00A924D0+74960]
Ordinal0 [0x00A92469+74857]
Ordinal0 [0x00B942F7+1131255]
GetHandleVerifier [0x00C9711D+523789]
GetHandleVerifier [0x00C96EB0+523168]
GetHandleVerifier [0x00C9E207+552695]
GetHandleVerifier [0x00C9791A+525834]
Ordinal0 [0x00B8B82C+1095724]
Ordinal0 [0x00B9636B+1139563]
Ordinal0 [0x00B964D3+1139923]
Ordinal0 [0x00B95455+1135701]
BaseThreadInitThunk [0x76CEF989+25]
RtlGetAppContainerNamedObjectPath [0x771C74A4+228]
RtlGetAppContainerNamedObjectPath [0x771C7474+180]

at org.openqa.selenium.remote.W3CHandshakeResponse.lambda$errorHandler$0(W3CHandshakeResponse.java:62)
at org.openqa.selenium.remote.HandshakeResponse.lambda$getResponseFunction$0(HandshakeResponse.java:30)
at org.openqa.selenium.remote.ProtocolHandshake.lambda$createSession$0(ProtocolHandshake.java:126)
at java.util.stream.ReferencePipeline$3$1.accept(ReferencePipeline.java:193)
at java.util.Spliterators$ArraySpliterator.tryAdvance(Spliterators.java:958)
at java.util.stream.ReferencePipeline.forEachWithCancel(ReferencePipeline.java:126)
at java.util.stream.AbstractPipeline.copyIntoWithCancel(AbstractPipeline.java:498)
at java.util.stream.AbstractPipeline.copyInto(AbstractPipeline.java:485)
at java.util.stream.AbstractPipeline.wrapAndCopyInto(AbstractPipeline.java:471)
at java.util.stream.FindOps$FindOp.evaluateSequential(FindOps.java:152)
at java.util.stream.AbstractPipeline.evaluate(AbstractPipeline.java:234)
at java.util.stream.ReferencePipeline.findFirst(ReferencePipeline.java:464)
at org.openqa.selenium.remote.ProtocolHandshake.createSession(ProtocolHandshake.java:128)
at org.openqa.selenium.remote.ProtocolHandshake.createSession(ProtocolHandshake.java:74)
at org.openqa.selenium.remote.HttpCommandExecutor.execute(HttpCommandExecutor.java:136)
at org.openqa.selenium.remote.service.DriverCommandExecutor.execute(DriverCommandExecutor.java:83)
at org.openqa.selenium.remote.RemoteWebDriver.execute(RemoteWebDriver.java:552)
at org.openqa.selenium.remote.RemoteWebDriver.startSession(RemoteWebDriver.java:213)
at org.openqa.selenium.remote.RemoteWebDriver.<init>(RemoteWebDriver.java:131)
at org.openqa.selenium.chrome.ChromeDriver.<init>(ChromeDriver.java:181)
at org.openqa.selenium.chrome.ChromeDriver.<init>(ChromeDriver.java:168)
at org.openqa.selenium.chrome.ChromeDriver.<init>(ChromeDriver.java:123)
at utils.Browser.beforeClass(Browser.java:71)
at java.util.ArrayList.forEach(ArrayList.java:1249)
... Removed 29 stack frames]]>
    </failure>
  </testcase> <!-- @BeforeClass beforeClass -->
  <testcase name="@AfterClass afterClass" time="-1.598944978886E9" classname="utils.Browser">
    <skipped/>
  </testcase> <!-- @AfterClass afterClass -->
  <testcase name="@BeforeClass beforeClass" time="0.565" classname="utils.Browser">
    <failure type="org.openqa.selenium.WebDriverException" message="unknown error: cannot find Chrome binary
Build info: version: &amp;apos;3.141.59&amp;apos;, revision: &amp;apos;e82be7d358&amp;apos;, time: &amp;apos;2018-11-14T08:17:03&amp;apos;
System info: host: &amp;apos;SCSHYD-198&amp;apos;, ip: &amp;apos;192.168.1.70&amp;apos;, os.name: &amp;apos;Windows 10&amp;apos;, os.arch: &amp;apos;amd64&amp;apos;, os.version: &amp;apos;10.0&amp;apos;, java.version: &amp;apos;1.8.0_92&amp;apos;
Driver info: driver.version: ChromeDriver
remote stacktrace: Backtrace:
	Ordinal0 [0x00BFA923+1550627]
	Ordinal0 [0x00B7A731+1025841]
	Ordinal0 [0x00AFC715+509717]
	Ordinal0 [0x00A8C082+49282]
	Ordinal0 [0x00AAACE7+175335]
	Ordinal0 [0x00AAA8ED+174317]
	Ordinal0 [0x00AA8CDB+167131]
	Ordinal0 [0x00A9144A+70730]
	Ordinal0 [0x00A924D0+74960]
	Ordinal0 [0x00A92469+74857]
	Ordinal0 [0x00B942F7+1131255]
	GetHandleVerifier [0x00C9711D+523789]
	GetHandleVerifier [0x00C96EB0+523168]
	GetHandleVerifier [0x00C9E207+552695]
	GetHandleVerifier [0x00C9791A+525834]
	Ordinal0 [0x00B8B82C+1095724]
	Ordinal0 [0x00B9636B+1139563]
	Ordinal0 [0x00B964D3+1139923]
	Ordinal0 [0x00B95455+1135701]
	BaseThreadInitThunk [0x76CEF989+25]
	RtlGetAppContainerNamedObjectPath [0x771C74A4+228]
	RtlGetAppContainerNamedObjectPath [0x771C7474+180]
">
      <![CDATA[org.openqa.selenium.WebDriverException: unknown error: cannot find Chrome binary
Build info: version: '3.141.59', revision: 'e82be7d358', time: '2018-11-14T08:17:03'
System info: host: 'SCSHYD-198', ip: '192.168.1.70', os.name: 'Windows 10', os.arch: 'amd64', os.version: '10.0', java.version: '1.8.0_92'
Driver info: driver.version: ChromeDriver
remote stacktrace: Backtrace:
Ordinal0 [0x00BFA923+1550627]
Ordinal0 [0x00B7A731+1025841]
Ordinal0 [0x00AFC715+509717]
Ordinal0 [0x00A8C082+49282]
Ordinal0 [0x00AAACE7+175335]
Ordinal0 [0x00AAA8ED+174317]
Ordinal0 [0x00AA8CDB+167131]
Ordinal0 [0x00A9144A+70730]
Ordinal0 [0x00A924D0+74960]
Ordinal0 [0x00A92469+74857]
Ordinal0 [0x00B942F7+1131255]
GetHandleVerifier [0x00C9711D+523789]
GetHandleVerifier [0x00C96EB0+523168]
GetHandleVerifier [0x00C9E207+552695]
GetHandleVerifier [0x00C9791A+525834]
Ordinal0 [0x00B8B82C+1095724]
Ordinal0 [0x00B9636B+1139563]
Ordinal0 [0x00B964D3+1139923]
Ordinal0 [0x00B95455+1135701]
BaseThreadInitThunk [0x76CEF989+25]
RtlGetAppContainerNamedObjectPath [0x771C74A4+228]
RtlGetAppContainerNamedObjectPath [0x771C7474+180]

at org.openqa.selenium.remote.W3CHandshakeResponse.lambda$errorHandler$0(W3CHandshakeResponse.java:62)
at org.openqa.selenium.remote.HandshakeResponse.lambda$getResponseFunction$0(HandshakeResponse.java:30)
at org.openqa.selenium.remote.ProtocolHandshake.lambda$createSession$0(ProtocolHandshake.java:126)
at java.util.stream.ReferencePipeline$3$1.accept(ReferencePipeline.java:193)
at java.util.Spliterators$ArraySpliterator.tryAdvance(Spliterators.java:958)
at java.util.stream.ReferencePipeline.forEachWithCancel(ReferencePipeline.java:126)
at java.util.stream.AbstractPipeline.copyIntoWithCancel(AbstractPipeline.java:498)
at java.util.stream.AbstractPipeline.copyInto(AbstractPipeline.java:485)
at java.util.stream.AbstractPipeline.wrapAndCopyInto(AbstractPipeline.java:471)
at java.util.stream.FindOps$FindOp.evaluateSequential(FindOps.java:152)
at java.util.stream.AbstractPipeline.evaluate(AbstractPipeline.java:234)
at java.util.stream.ReferencePipeline.findFirst(ReferencePipeline.java:464)
at org.openqa.selenium.remote.ProtocolHandshake.createSession(ProtocolHandshake.java:128)
at org.openqa.selenium.remote.ProtocolHandshake.createSession(ProtocolHandshake.java:74)
at org.openqa.selenium.remote.HttpCommandExecutor.execute(HttpCommandExecutor.java:136)
at org.openqa.selenium.remote.service.DriverCommandExecutor.execute(DriverCommandExecutor.java:83)
at org.openqa.selenium.remote.RemoteWebDriver.execute(RemoteWebDriver.java:552)
at org.openqa.selenium.remote.RemoteWebDriver.startSession(RemoteWebDriver.java:213)
at org.openqa.selenium.remote.RemoteWebDriver.<init>(RemoteWebDriver.java:131)
at org.openqa.selenium.chrome.ChromeDriver.<init>(ChromeDriver.java:181)
at org.openqa.selenium.chrome.ChromeDriver.<init>(ChromeDriver.java:168)
at org.openqa.selenium.chrome.ChromeDriver.<init>(ChromeDriver.java:123)
at utils.Browser.beforeClass(Browser.java:71)
at java.util.ArrayList.forEach(ArrayList.java:1249)
... Removed 29 stack frames]]>
    </failure>
  </testcase> <!-- @BeforeClass beforeClass -->
  <testcase name="@AfterClass afterClass" time="-1.598944979456E9" classname="utils.Browser">
    <skipped/>
  </testcase> <!-- @AfterClass afterClass -->
  <testcase name="AgentsAdd" time="0.0" classname="test.Agent">
    <skipped/>
  </testcase> <!-- AgentsAdd -->
  <testcase name="AgentsAdd" time="0.01" classname="test.Agent">
    <failure type="java.lang.NullPointerException">
      <![CDATA[java.lang.NullPointerException
at utils.TakeScreenShot.screenShot(TakeScreenShot.java:17)
at utils.TestListners.onTestSkipped(TestListners.java:41)
at java.util.ArrayList.forEach(ArrayList.java:1249)
... Removed 25 stack frames]]>
    </failure>
  </testcase> <!-- AgentsAdd -->
  <testcase name="AccRepresntativeAdd" time="0.0" classname="test.Acc_Representative">
    <skipped/>
  </testcase> <!-- AccRepresntativeAdd -->
  <testcase name="AccRepresntativeAdd" time="0.004" classname="test.Acc_Representative">
    <failure type="java.lang.NullPointerException">
      <![CDATA[java.lang.NullPointerException
at utils.TakeScreenShot.screenShot(TakeScreenShot.java:17)
at utils.TestListners.onTestSkipped(TestListners.java:41)
at java.util.ArrayList.forEach(ArrayList.java:1249)
... Removed 25 stack frames]]>
    </failure>
  </testcase> <!-- AccRepresntativeAdd -->
  <testcase name="AddServiceAgent" time="0.0" classname="test.ServiceAgentAdd">
    <skipped/>
  </testcase> <!-- AddServiceAgent -->
  <testcase name="AddServiceAgent" time="0.003" classname="test.ServiceAgentAdd">
    <failure type="java.lang.NullPointerException">
      <![CDATA[java.lang.NullPointerException
at utils.TakeScreenShot.screenShot(TakeScreenShot.java:17)
at utils.TestListners.onTestSkipped(TestListners.java:41)
at java.util.ArrayList.forEach(ArrayList.java:1249)
... Removed 25 stack frames]]>
    </failure>
  </testcase> <!-- AddServiceAgent -->
  <testcase name="@BeforeSuite repos" time="0.0" classname="utils.Browser">
    <ignored/>
  </testcase> <!-- @BeforeSuite repos -->
  <testcase name="@BeforeSuite repos" time="0.0" classname="utils.Browser">
    <ignored/>
  </testcase> <!-- @BeforeSuite repos -->
</testsuite> <!-- Test -->
