<?xml version="1.0" encoding="UTF-8"?>
<!-- Generated by org.testng.reporters.JUnitXMLReporter -->
<testsuite hostname="SCSHYD-198" ignored="1" name="ToolsQA" tests="4" failures="2" timestamp="2020-12-09T16:31:49 IST" time="3.08" errors="0">
  <testcase name="@BeforeClass beforeClass" time="1.586" classname="utils.Browser">
    <failure type="org.openqa.selenium.SessionNotCreatedException" message="session not created: This version of ChromeDriver only supports Chrome version 85
Build info: version: &amp;apos;3.141.59&amp;apos;, revision: &amp;apos;e82be7d358&amp;apos;, time: &amp;apos;2018-11-14T08:17:03&amp;apos;
System info: host: &amp;apos;SCSHYD-198&amp;apos;, ip: &amp;apos;192.168.1.70&amp;apos;, os.name: &amp;apos;Windows 10&amp;apos;, os.arch: &amp;apos;amd64&amp;apos;, os.version: &amp;apos;10.0&amp;apos;, java.version: &amp;apos;1.8.0_92&amp;apos;
Driver info: driver.version: ChromeDriver
remote stacktrace: Backtrace:
	Ordinal0 [0x00C0D383+3134339]
	Ordinal0 [0x00AFA171+2007409]
	Ordinal0 [0x0099AEE8+569064]
	Ordinal0 [0x0092139F+70559]
	Ordinal0 [0x0091CC63+52323]
	Ordinal0 [0x00940DFC+200188]
	Ordinal0 [0x00940C1D+199709]
	Ordinal0 [0x0093EB0B+191243]
	Ordinal0 [0x00922E77+77431]
	Ordinal0 [0x00923E3E+81470]
	Ordinal0 [0x00923DC9+81353]
	Ordinal0 [0x00B10CD9+2100441]
	GetHandleVerifier [0x00D7B75A+1396954]
	GetHandleVerifier [0x00D7B3D9+1396057]
	GetHandleVerifier [0x00D87126+1444518]
	GetHandleVerifier [0x00D7BCE8+1398376]
	Ordinal0 [0x00B07F51+2064209]
	Ordinal0 [0x00B122EB+2106091]
	Ordinal0 [0x00B12411+2106385]
	Ordinal0 [0x00B249C4+2181572]
	BaseThreadInitThunk [0x75D8F989+25]
	RtlGetAppContainerNamedObjectPath [0x77B974A4+228]
	RtlGetAppContainerNamedObjectPath [0x77B97474+180]
">
      <![CDATA[org.openqa.selenium.SessionNotCreatedException: session not created: This version of ChromeDriver only supports Chrome version 85
Build info: version: '3.141.59', revision: 'e82be7d358', time: '2018-11-14T08:17:03'
System info: host: 'SCSHYD-198', ip: '192.168.1.70', os.name: 'Windows 10', os.arch: 'amd64', os.version: '10.0', java.version: '1.8.0_92'
Driver info: driver.version: ChromeDriver
remote stacktrace: Backtrace:
Ordinal0 [0x00C0D383+3134339]
Ordinal0 [0x00AFA171+2007409]
Ordinal0 [0x0099AEE8+569064]
Ordinal0 [0x0092139F+70559]
Ordinal0 [0x0091CC63+52323]
Ordinal0 [0x00940DFC+200188]
Ordinal0 [0x00940C1D+199709]
Ordinal0 [0x0093EB0B+191243]
Ordinal0 [0x00922E77+77431]
Ordinal0 [0x00923E3E+81470]
Ordinal0 [0x00923DC9+81353]
Ordinal0 [0x00B10CD9+2100441]
GetHandleVerifier [0x00D7B75A+1396954]
GetHandleVerifier [0x00D7B3D9+1396057]
GetHandleVerifier [0x00D87126+1444518]
GetHandleVerifier [0x00D7BCE8+1398376]
Ordinal0 [0x00B07F51+2064209]
Ordinal0 [0x00B122EB+2106091]
Ordinal0 [0x00B12411+2106385]
Ordinal0 [0x00B249C4+2181572]
BaseThreadInitThunk [0x75D8F989+25]
RtlGetAppContainerNamedObjectPath [0x77B974A4+228]
RtlGetAppContainerNamedObjectPath [0x77B97474+180]

at org.openqa.selenium.remote.W3CHandshakeResponse.lambda$errorHandler$0(W3CHandshakeResponse.java:62)
at org.openqa.selenium.remote.HandshakeResponse.lambda$getResponseFunction$0(HandshakeResponse.java:30)
at org.openqa.selenium.remote.ProtocolHandshake.lambda$createSession$0(ProtocolHandshake.java:126)
at java.util.stream.ReferencePipeline$3$1.accept(ReferencePipeline.java:193)
at java.util.Spliterators$ArraySpliterator.tryAdvance(Spliterators.java:958)
at java.util.stream.ReferencePipeline.forEachWithCancel(ReferencePipeline.java:126)
at java.util.stream.AbstractPipeline.copyIntoWithCancel(AbstractPipeline.java:498)
at java.util.stream.AbstractPipeline.copyInto(AbstractPipeline.java:485)
at java.util.stream.AbstractPipeline.wrapAndCopyInto(AbstractPipeline.java:471)
at java.util.stream.FindOps$FindOp.evaluateSequential(FindOps.java:152)
at java.util.stream.AbstractPipeline.evaluate(AbstractPipeline.java:234)
at java.util.stream.ReferencePipeline.findFirst(ReferencePipeline.java:464)
at org.openqa.selenium.remote.ProtocolHandshake.createSession(ProtocolHandshake.java:128)
at org.openqa.selenium.remote.ProtocolHandshake.createSession(ProtocolHandshake.java:74)
at org.openqa.selenium.remote.HttpCommandExecutor.execute(HttpCommandExecutor.java:136)
at org.openqa.selenium.remote.service.DriverCommandExecutor.execute(DriverCommandExecutor.java:83)
at org.openqa.selenium.remote.RemoteWebDriver.execute(RemoteWebDriver.java:552)
at org.openqa.selenium.remote.RemoteWebDriver.startSession(RemoteWebDriver.java:213)
at org.openqa.selenium.remote.RemoteWebDriver.<init>(RemoteWebDriver.java:131)
at org.openqa.selenium.chrome.ChromeDriver.<init>(ChromeDriver.java:181)
at org.openqa.selenium.chrome.ChromeDriver.<init>(ChromeDriver.java:168)
at org.openqa.selenium.chrome.ChromeDriver.<init>(ChromeDriver.java:123)
at utils.Browser.beforeClass(Browser.java:71)
at java.util.ArrayList.forEach(ArrayList.java:1249)
... Removed 29 stack frames]]>
    </failure>
  </testcase> <!-- @BeforeClass beforeClass -->
  <testcase name="@AfterClass afterClass" time="-1.607511707902E9" classname="utils.Browser">
    <skipped/>
  </testcase> <!-- @AfterClass afterClass -->
  <testcase name="@BeforeClass beforeClass" time="1.38" classname="utils.Browser">
    <failure type="org.openqa.selenium.SessionNotCreatedException" message="session not created: This version of ChromeDriver only supports Chrome version 85
Build info: version: &amp;apos;3.141.59&amp;apos;, revision: &amp;apos;e82be7d358&amp;apos;, time: &amp;apos;2018-11-14T08:17:03&amp;apos;
System info: host: &amp;apos;SCSHYD-198&amp;apos;, ip: &amp;apos;192.168.1.70&amp;apos;, os.name: &amp;apos;Windows 10&amp;apos;, os.arch: &amp;apos;amd64&amp;apos;, os.version: &amp;apos;10.0&amp;apos;, java.version: &amp;apos;1.8.0_92&amp;apos;
Driver info: driver.version: ChromeDriver
remote stacktrace: Backtrace:
	Ordinal0 [0x00C0D383+3134339]
	Ordinal0 [0x00AFA171+2007409]
	Ordinal0 [0x0099AEE8+569064]
	Ordinal0 [0x0092139F+70559]
	Ordinal0 [0x0091CC63+52323]
	Ordinal0 [0x00940DFC+200188]
	Ordinal0 [0x00940C1D+199709]
	Ordinal0 [0x0093EB0B+191243]
	Ordinal0 [0x00922E77+77431]
	Ordinal0 [0x00923E3E+81470]
	Ordinal0 [0x00923DC9+81353]
	Ordinal0 [0x00B10CD9+2100441]
	GetHandleVerifier [0x00D7B75A+1396954]
	GetHandleVerifier [0x00D7B3D9+1396057]
	GetHandleVerifier [0x00D87126+1444518]
	GetHandleVerifier [0x00D7BCE8+1398376]
	Ordinal0 [0x00B07F51+2064209]
	Ordinal0 [0x00B122EB+2106091]
	Ordinal0 [0x00B12411+2106385]
	Ordinal0 [0x00B249C4+2181572]
	BaseThreadInitThunk [0x75D8F989+25]
	RtlGetAppContainerNamedObjectPath [0x77B974A4+228]
	RtlGetAppContainerNamedObjectPath [0x77B97474+180]
">
      <![CDATA[org.openqa.selenium.SessionNotCreatedException: session not created: This version of ChromeDriver only supports Chrome version 85
Build info: version: '3.141.59', revision: 'e82be7d358', time: '2018-11-14T08:17:03'
System info: host: 'SCSHYD-198', ip: '192.168.1.70', os.name: 'Windows 10', os.arch: 'amd64', os.version: '10.0', java.version: '1.8.0_92'
Driver info: driver.version: ChromeDriver
remote stacktrace: Backtrace:
Ordinal0 [0x00C0D383+3134339]
Ordinal0 [0x00AFA171+2007409]
Ordinal0 [0x0099AEE8+569064]
Ordinal0 [0x0092139F+70559]
Ordinal0 [0x0091CC63+52323]
Ordinal0 [0x00940DFC+200188]
Ordinal0 [0x00940C1D+199709]
Ordinal0 [0x0093EB0B+191243]
Ordinal0 [0x00922E77+77431]
Ordinal0 [0x00923E3E+81470]
Ordinal0 [0x00923DC9+81353]
Ordinal0 [0x00B10CD9+2100441]
GetHandleVerifier [0x00D7B75A+1396954]
GetHandleVerifier [0x00D7B3D9+1396057]
GetHandleVerifier [0x00D87126+1444518]
GetHandleVerifier [0x00D7BCE8+1398376]
Ordinal0 [0x00B07F51+2064209]
Ordinal0 [0x00B122EB+2106091]
Ordinal0 [0x00B12411+2106385]
Ordinal0 [0x00B249C4+2181572]
BaseThreadInitThunk [0x75D8F989+25]
RtlGetAppContainerNamedObjectPath [0x77B974A4+228]
RtlGetAppContainerNamedObjectPath [0x77B97474+180]

at org.openqa.selenium.remote.W3CHandshakeResponse.lambda$errorHandler$0(W3CHandshakeResponse.java:62)
at org.openqa.selenium.remote.HandshakeResponse.lambda$getResponseFunction$0(HandshakeResponse.java:30)
at org.openqa.selenium.remote.ProtocolHandshake.lambda$createSession$0(ProtocolHandshake.java:126)
at java.util.stream.ReferencePipeline$3$1.accept(ReferencePipeline.java:193)
at java.util.Spliterators$ArraySpliterator.tryAdvance(Spliterators.java:958)
at java.util.stream.ReferencePipeline.forEachWithCancel(ReferencePipeline.java:126)
at java.util.stream.AbstractPipeline.copyIntoWithCancel(AbstractPipeline.java:498)
at java.util.stream.AbstractPipeline.copyInto(AbstractPipeline.java:485)
at java.util.stream.AbstractPipeline.wrapAndCopyInto(AbstractPipeline.java:471)
at java.util.stream.FindOps$FindOp.evaluateSequential(FindOps.java:152)
at java.util.stream.AbstractPipeline.evaluate(AbstractPipeline.java:234)
at java.util.stream.ReferencePipeline.findFirst(ReferencePipeline.java:464)
at org.openqa.selenium.remote.ProtocolHandshake.createSession(ProtocolHandshake.java:128)
at org.openqa.selenium.remote.ProtocolHandshake.createSession(ProtocolHandshake.java:74)
at org.openqa.selenium.remote.HttpCommandExecutor.execute(HttpCommandExecutor.java:136)
at org.openqa.selenium.remote.service.DriverCommandExecutor.execute(DriverCommandExecutor.java:83)
at org.openqa.selenium.remote.RemoteWebDriver.execute(RemoteWebDriver.java:552)
at org.openqa.selenium.remote.RemoteWebDriver.startSession(RemoteWebDriver.java:213)
at org.openqa.selenium.remote.RemoteWebDriver.<init>(RemoteWebDriver.java:131)
at org.openqa.selenium.chrome.ChromeDriver.<init>(ChromeDriver.java:181)
at org.openqa.selenium.chrome.ChromeDriver.<init>(ChromeDriver.java:168)
at org.openqa.selenium.chrome.ChromeDriver.<init>(ChromeDriver.java:123)
at utils.Browser.beforeClass(Browser.java:71)
at java.util.ArrayList.forEach(ArrayList.java:1249)
... Removed 29 stack frames]]>
    </failure>
  </testcase> <!-- @BeforeClass beforeClass -->
  <testcase name="@AfterClass afterClass" time="-1.607511709298E9" classname="utils.Browser">
    <skipped/>
  </testcase> <!-- @AfterClass afterClass -->
  <testcase name="Loginto" time="0.0" classname="test.LoginSimple">
    <skipped/>
  </testcase> <!-- Loginto -->
  <testcase name="Loginto" time="0.073" classname="test.LoginSimple">
    <failure type="java.lang.NullPointerException">
      <![CDATA[java.lang.NullPointerException
at utils.TakeScreenShot.screenShot(TakeScreenShot.java:17)
at utils.TestListners.onTestSkipped(TestListners.java:41)
at java.util.ArrayList.forEach(ArrayList.java:1249)
... Removed 25 stack frames]]>
    </failure>
  </testcase> <!-- Loginto -->
  <testcase name="AgentsAdd" time="0.0" classname="test.Agent">
    <skipped/>
  </testcase> <!-- AgentsAdd -->
  <testcase name="AgentsAdd" time="0.003" classname="test.Agent">
    <failure type="java.lang.NullPointerException">
      <![CDATA[java.lang.NullPointerException
at utils.TakeScreenShot.screenShot(TakeScreenShot.java:17)
at utils.TestListners.onTestSkipped(TestListners.java:41)
at java.util.ArrayList.forEach(ArrayList.java:1249)
... Removed 25 stack frames]]>
    </failure>
  </testcase> <!-- AgentsAdd -->
  <testcase name="@BeforeSuite repos" time="0.0" classname="utils.Browser">
    <ignored/>
  </testcase> <!-- @BeforeSuite repos -->
</testsuite> <!-- ToolsQA -->
